[0.008s] Invoking command in '/home/yin/ros2_asst1_ws/src/ros2_asst1/build/hello_ros': CMAKE_PREFIX_PATH=${CMAKE_PREFIX_PATH}:/opt/ros/humble /usr/bin/cmake --build /home/yin/ros2_asst1_ws/src/ros2_asst1/build/hello_ros -- -j20 -l20
[0.053s] [35m[1mConsolidate compiler generated dependencies of target tf[0m
[0.070s] [ 25%] Built target MYNODE
[0.070s] [ 50%] Built target follow
[0.071s] [ 75%] Built target spawn
[0.072s] [ 87%] [32mBuilding CXX object CMakeFiles/tf.dir/src/tf2_node.cpp.o[0m
[6.025s] [100%] [32m[1mLinking CXX executable tf[0m
[6.359s] [100%] Built target tf
[6.374s] Invoked command in '/home/yin/ros2_asst1_ws/src/ros2_asst1/build/hello_ros' returned '0': CMAKE_PREFIX_PATH=${CMAKE_PREFIX_PATH}:/opt/ros/humble /usr/bin/cmake --build /home/yin/ros2_asst1_ws/src/ros2_asst1/build/hello_ros -- -j20 -l20
[6.414s] Invoking command in '/home/yin/ros2_asst1_ws/src/ros2_asst1/build/hello_ros': CMAKE_PREFIX_PATH=${CMAKE_PREFIX_PATH}:/opt/ros/humble /usr/bin/cmake --install /home/yin/ros2_asst1_ws/src/ros2_asst1/build/hello_ros
[6.420s] -- Install configuration: ""
[6.420s] -- Up-to-date: /home/yin/ros2_asst1_ws/src/ros2_asst1/install/hello_ros/lib/hello_ros/MYNODE
[6.420s] -- Up-to-date: /home/yin/ros2_asst1_ws/src/ros2_asst1/install/hello_ros/lib/hello_ros/spawn
[6.420s] -- Installing: /home/yin/ros2_asst1_ws/src/ros2_asst1/install/hello_ros/lib/hello_ros/tf
[6.423s] -- Set runtime path of "/home/yin/ros2_asst1_ws/src/ros2_asst1/install/hello_ros/lib/hello_ros/tf" to ""
[6.423s] -- Up-to-date: /home/yin/ros2_asst1_ws/src/ros2_asst1/install/hello_ros/lib/hello_ros/follow
[6.424s] -- Up-to-date: /home/yin/ros2_asst1_ws/src/ros2_asst1/install/hello_ros/share/ament_index/resource_index/package_run_dependencies/hello_ros
[6.424s] -- Up-to-date: /home/yin/ros2_asst1_ws/src/ros2_asst1/install/hello_ros/share/ament_index/resource_index/parent_prefix_path/hello_ros
[6.424s] -- Up-to-date: /home/yin/ros2_asst1_ws/src/ros2_asst1/install/hello_ros/share/hello_ros/environment/ament_prefix_path.sh
[6.424s] -- Up-to-date: /home/yin/ros2_asst1_ws/src/ros2_asst1/install/hello_ros/share/hello_ros/environment/ament_prefix_path.dsv
[6.424s] -- Up-to-date: /home/yin/ros2_asst1_ws/src/ros2_asst1/install/hello_ros/share/hello_ros/environment/path.sh
[6.424s] -- Up-to-date: /home/yin/ros2_asst1_ws/src/ros2_asst1/install/hello_ros/share/hello_ros/environment/path.dsv
[6.424s] -- Up-to-date: /home/yin/ros2_asst1_ws/src/ros2_asst1/install/hello_ros/share/hello_ros/local_setup.bash
[6.424s] -- Up-to-date: /home/yin/ros2_asst1_ws/src/ros2_asst1/install/hello_ros/share/hello_ros/local_setup.sh
[6.424s] -- Up-to-date: /home/yin/ros2_asst1_ws/src/ros2_asst1/install/hello_ros/share/hello_ros/local_setup.zsh
[6.424s] -- Up-to-date: /home/yin/ros2_asst1_ws/src/ros2_asst1/install/hello_ros/share/hello_ros/local_setup.dsv
[6.425s] -- Installing: /home/yin/ros2_asst1_ws/src/ros2_asst1/install/hello_ros/share/hello_ros/package.dsv
[6.425s] -- Up-to-date: /home/yin/ros2_asst1_ws/src/ros2_asst1/install/hello_ros/share/ament_index/resource_index/packages/hello_ros
[6.425s] -- Up-to-date: /home/yin/ros2_asst1_ws/src/ros2_asst1/install/hello_ros/share/hello_ros/cmake/hello_rosConfig.cmake
[6.425s] -- Up-to-date: /home/yin/ros2_asst1_ws/src/ros2_asst1/install/hello_ros/share/hello_ros/cmake/hello_rosConfig-version.cmake
[6.425s] -- Up-to-date: /home/yin/ros2_asst1_ws/src/ros2_asst1/install/hello_ros/share/hello_ros/package.xml
[6.427s] Invoked command in '/home/yin/ros2_asst1_ws/src/ros2_asst1/build/hello_ros' returned '0': CMAKE_PREFIX_PATH=${CMAKE_PREFIX_PATH}:/opt/ros/humble /usr/bin/cmake --install /home/yin/ros2_asst1_ws/src/ros2_asst1/build/hello_ros
