[0.009s] Invoking command in '/home/yin/ros2_asst1_ws/src/ros2_asst1/build/hello_ros': CMAKE_PREFIX_PATH=${CMAKE_PREFIX_PATH}:/opt/ros/humble /usr/bin/cmake --build /home/yin/ros2_asst1_ws/src/ros2_asst1/build/hello_ros -- -j20 -l20
[0.063s] [35m[1mConsolidate compiler generated dependencies of target tf[0m
[0.072s] [ 37%] Built target MYNODE
[0.072s] [ 50%] Built target spawn
[0.074s] [ 62%] [32mBuilding CXX object CMakeFiles/follow.dir/src/follow_turtle.cpp.o[0m
[0.078s] [ 87%] Built target tf
[3.538s] [100%] [32m[1mLinking CXX executable follow[0m
[3.718s] [100%] Built target follow
[3.729s] Invoked command in '/home/yin/ros2_asst1_ws/src/ros2_asst1/build/hello_ros' returned '0': CMAKE_PREFIX_PATH=${CMAKE_PREFIX_PATH}:/opt/ros/humble /usr/bin/cmake --build /home/yin/ros2_asst1_ws/src/ros2_asst1/build/hello_ros -- -j20 -l20
[3.778s] Invoking command in '/home/yin/ros2_asst1_ws/src/ros2_asst1/build/hello_ros': CMAKE_PREFIX_PATH=${CMAKE_PREFIX_PATH}:/opt/ros/humble /usr/bin/cmake --install /home/yin/ros2_asst1_ws/src/ros2_asst1/build/hello_ros
[3.785s] -- Install configuration: ""
[3.785s] -- Up-to-date: /home/yin/ros2_asst1_ws/src/ros2_asst1/install/hello_ros/lib/hello_ros/MYNODE
[3.786s] -- Up-to-date: /home/yin/ros2_asst1_ws/src/ros2_asst1/install/hello_ros/lib/hello_ros/spawn
[3.786s] -- Up-to-date: /home/yin/ros2_asst1_ws/src/ros2_asst1/install/hello_ros/lib/hello_ros/tf
[3.786s] -- Installing: /home/yin/ros2_asst1_ws/src/ros2_asst1/install/hello_ros/lib/hello_ros/follow
[3.787s] -- Set runtime path of "/home/yin/ros2_asst1_ws/src/ros2_asst1/install/hello_ros/lib/hello_ros/follow" to ""
[3.787s] -- Up-to-date: /home/yin/ros2_asst1_ws/src/ros2_asst1/install/hello_ros/share/ament_index/resource_index/package_run_dependencies/hello_ros
[3.787s] -- Up-to-date: /home/yin/ros2_asst1_ws/src/ros2_asst1/install/hello_ros/share/ament_index/resource_index/parent_prefix_path/hello_ros
[3.787s] -- Up-to-date: /home/yin/ros2_asst1_ws/src/ros2_asst1/install/hello_ros/share/hello_ros/environment/ament_prefix_path.sh
[3.787s] -- Up-to-date: /home/yin/ros2_asst1_ws/src/ros2_asst1/install/hello_ros/share/hello_ros/environment/ament_prefix_path.dsv
[3.787s] -- Up-to-date: /home/yin/ros2_asst1_ws/src/ros2_asst1/install/hello_ros/share/hello_ros/environment/path.sh
[3.787s] -- Up-to-date: /home/yin/ros2_asst1_ws/src/ros2_asst1/install/hello_ros/share/hello_ros/environment/path.dsv
[3.787s] -- Up-to-date: /home/yin/ros2_asst1_ws/src/ros2_asst1/install/hello_ros/share/hello_ros/local_setup.bash
[3.787s] -- Up-to-date: /home/yin/ros2_asst1_ws/src/ros2_asst1/install/hello_ros/share/hello_ros/local_setup.sh
[3.787s] -- Up-to-date: /home/yin/ros2_asst1_ws/src/ros2_asst1/install/hello_ros/share/hello_ros/local_setup.zsh
[3.787s] -- Up-to-date: /home/yin/ros2_asst1_ws/src/ros2_asst1/install/hello_ros/share/hello_ros/local_setup.dsv
[3.787s] -- Installing: /home/yin/ros2_asst1_ws/src/ros2_asst1/install/hello_ros/share/hello_ros/package.dsv
[3.787s] -- Up-to-date: /home/yin/ros2_asst1_ws/src/ros2_asst1/install/hello_ros/share/ament_index/resource_index/packages/hello_ros
[3.787s] -- Up-to-date: /home/yin/ros2_asst1_ws/src/ros2_asst1/install/hello_ros/share/hello_ros/cmake/hello_rosConfig.cmake
[3.787s] -- Up-to-date: /home/yin/ros2_asst1_ws/src/ros2_asst1/install/hello_ros/share/hello_ros/cmake/hello_rosConfig-version.cmake
[3.788s] -- Up-to-date: /home/yin/ros2_asst1_ws/src/ros2_asst1/install/hello_ros/share/hello_ros/package.xml
[3.789s] Invoked command in '/home/yin/ros2_asst1_ws/src/ros2_asst1/build/hello_ros' returned '0': CMAKE_PREFIX_PATH=${CMAKE_PREFIX_PATH}:/opt/ros/humble /usr/bin/cmake --install /home/yin/ros2_asst1_ws/src/ros2_asst1/build/hello_ros
