[0.159s] DEBUG:colcon:Command line arguments: ['/usr/bin/colcon', 'build']
[0.159s] DEBUG:colcon:Parsed command line arguments: Namespace(log_base=None, log_level=None, verb_name='build', build_base='build', install_base='install', merge_install=False, symlink_install=False, test_result_base=None, continue_on_error=False, executor='parallel', parallel_workers=20, event_handlers=None, ignore_user_meta=False, metas=['./colcon.meta'], base_paths=['.'], packages_ignore=None, packages_ignore_regex=None, paths=None, packages_up_to=None, packages_up_to_regex=None, packages_above=None, packages_above_and_dependencies=None, packages_above_depth=None, packages_select_by_dep=None, packages_skip_by_dep=None, packages_skip_up_to=None, packages_select_build_failed=False, packages_skip_build_finished=False, packages_select_test_failures=False, packages_skip_test_passed=False, packages_select=None, packages_skip=None, packages_select_regex=None, packages_skip_regex=None, packages_start=None, packages_end=None, allow_overriding=[], cmake_args=None, cmake_target=None, cmake_target_skip_unavailable=False, cmake_clean_cache=False, cmake_clean_first=False, cmake_force_configure=False, ament_cmake_args=None, catkin_cmake_args=None, catkin_skip_building_tests=False, verb_parser=<colcon_defaults.argument_parser.defaults.DefaultArgumentsDecorator object at 0x741010129ae0>, verb_extension=<colcon_core.verb.build.BuildVerb object at 0x741010128ca0>, main=<bound method BuildVerb.main of <colcon_core.verb.build.BuildVerb object at 0x741010128ca0>>)
[0.315s] Level 1:colcon.colcon_core.package_discovery:discover_packages(colcon_meta) check parameters
[0.315s] Level 1:colcon.colcon_core.package_discovery:discover_packages(recursive) check parameters
[0.315s] Level 1:colcon.colcon_core.package_discovery:discover_packages(ignore) check parameters
[0.315s] Level 1:colcon.colcon_core.package_discovery:discover_packages(path) check parameters
[0.315s] Level 1:colcon.colcon_core.package_discovery:discover_packages(colcon_meta) discover
[0.315s] Level 1:colcon.colcon_core.package_discovery:discover_packages(recursive) discover
[0.315s] INFO:colcon.colcon_core.package_discovery:Crawling recursively for packages in '/home/yin/ros2_asst1_ws/src/ros2_asst1'
[0.315s] Level 1:colcon.colcon_core.package_identification:_identify(.) by extensions ['ignore', 'ignore_ament_install']
[0.315s] Level 1:colcon.colcon_core.package_identification:_identify(.) by extension 'ignore'
[0.315s] Level 1:colcon.colcon_core.package_identification:_identify(.) by extension 'ignore_ament_install'
[0.315s] Level 1:colcon.colcon_core.package_identification:_identify(.) by extensions ['colcon_pkg']
[0.315s] Level 1:colcon.colcon_core.package_identification:_identify(.) by extension 'colcon_pkg'
[0.315s] Level 1:colcon.colcon_core.package_identification:_identify(.) by extensions ['colcon_meta']
[0.315s] Level 1:colcon.colcon_core.package_identification:_identify(.) by extension 'colcon_meta'
[0.315s] Level 1:colcon.colcon_core.package_identification:_identify(.) by extensions ['ros']
[0.315s] Level 1:colcon.colcon_core.package_identification:_identify(.) by extension 'ros'
[0.324s] DEBUG:colcon.colcon_core.package_identification:Package '.' with type 'ros.ament_cmake' and name 'hello_ros'
[0.324s] Level 1:colcon.colcon_core.package_discovery:discover_packages(recursive) using defaults
[0.324s] Level 1:colcon.colcon_core.package_discovery:discover_packages(ignore) discover
[0.324s] Level 1:colcon.colcon_core.package_discovery:discover_packages(ignore) using defaults
[0.324s] Level 1:colcon.colcon_core.package_discovery:discover_packages(path) discover
[0.324s] Level 1:colcon.colcon_core.package_discovery:discover_packages(path) using defaults
[0.351s] Level 1:colcon.colcon_core.package_discovery:discover_packages(prefix_path) check parameters
[0.351s] Level 1:colcon.colcon_core.package_discovery:discover_packages(prefix_path) discover
[0.353s] DEBUG:colcon.colcon_installed_package_information.package_discovery:Found 1 installed packages in /home/yin/下载/diagnostics/diagnostic_updater/install
[0.353s] DEBUG:colcon.colcon_installed_package_information.package_discovery:Found 3 installed packages in /home/yin/fastdds_ws/install
[0.354s] DEBUG:colcon.colcon_installed_package_information.package_discovery:Found 398 installed packages in /opt/ros/humble
[0.356s] Level 1:colcon.colcon_core.package_discovery:discover_packages(prefix_path) using defaults
[0.384s] Level 5:colcon.colcon_core.verb:set package 'hello_ros' build argument 'cmake_args' from command line to 'None'
[0.384s] Level 5:colcon.colcon_core.verb:set package 'hello_ros' build argument 'cmake_target' from command line to 'None'
[0.384s] Level 5:colcon.colcon_core.verb:set package 'hello_ros' build argument 'cmake_target_skip_unavailable' from command line to 'False'
[0.384s] Level 5:colcon.colcon_core.verb:set package 'hello_ros' build argument 'cmake_clean_cache' from command line to 'False'
[0.384s] Level 5:colcon.colcon_core.verb:set package 'hello_ros' build argument 'cmake_clean_first' from command line to 'False'
[0.384s] Level 5:colcon.colcon_core.verb:set package 'hello_ros' build argument 'cmake_force_configure' from command line to 'False'
[0.384s] Level 5:colcon.colcon_core.verb:set package 'hello_ros' build argument 'ament_cmake_args' from command line to 'None'
[0.384s] Level 5:colcon.colcon_core.verb:set package 'hello_ros' build argument 'catkin_cmake_args' from command line to 'None'
[0.384s] Level 5:colcon.colcon_core.verb:set package 'hello_ros' build argument 'catkin_skip_building_tests' from command line to 'False'
[0.384s] DEBUG:colcon.colcon_core.verb:Building package 'hello_ros' with the following arguments: {'ament_cmake_args': None, 'build_base': '/home/yin/ros2_asst1_ws/src/ros2_asst1/build/hello_ros', 'catkin_cmake_args': None, 'catkin_skip_building_tests': False, 'cmake_args': None, 'cmake_clean_cache': False, 'cmake_clean_first': False, 'cmake_force_configure': False, 'cmake_target': None, 'cmake_target_skip_unavailable': False, 'install_base': '/home/yin/ros2_asst1_ws/src/ros2_asst1/install/hello_ros', 'merge_install': False, 'path': '/home/yin/ros2_asst1_ws/src/ros2_asst1', 'symlink_install': False, 'test_result_base': None}
[0.384s] INFO:colcon.colcon_core.executor:Executing jobs using 'parallel' executor
[0.385s] DEBUG:colcon.colcon_parallel_executor.executor.parallel:run_until_complete
[0.385s] INFO:colcon.colcon_ros.task.ament_cmake.build:Building ROS package in '/home/yin/ros2_asst1_ws/src/ros2_asst1' with build type 'ament_cmake'
[0.385s] INFO:colcon.colcon_cmake.task.cmake.build:Building CMake package in '/home/yin/ros2_asst1_ws/src/ros2_asst1'
[0.388s] INFO:colcon.colcon_core.plugin_system:Skipping extension 'colcon_core.shell.bat': Not used on non-Windows systems
[0.389s] INFO:colcon.colcon_core.shell:Skip shell extension 'powershell' for command environment: Not usable outside of PowerShell
[0.389s] DEBUG:colcon.colcon_core.shell:Skip shell extension 'dsv' for command environment
[0.394s] DEBUG:colcon.colcon_core.event_handler.log_command:Invoking command in '/home/yin/ros2_asst1_ws/src/ros2_asst1/build/hello_ros': CMAKE_PREFIX_PATH=${CMAKE_PREFIX_PATH}:/opt/ros/humble /usr/bin/cmake /home/yin/ros2_asst1_ws/src/ros2_asst1 -DCMAKE_INSTALL_PREFIX=/home/yin/ros2_asst1_ws/src/ros2_asst1/install/hello_ros
[1.590s] DEBUG:colcon.colcon_core.event_handler.log_command:Invoked command in '/home/yin/ros2_asst1_ws/src/ros2_asst1/build/hello_ros' returned '0': CMAKE_PREFIX_PATH=${CMAKE_PREFIX_PATH}:/opt/ros/humble /usr/bin/cmake /home/yin/ros2_asst1_ws/src/ros2_asst1 -DCMAKE_INSTALL_PREFIX=/home/yin/ros2_asst1_ws/src/ros2_asst1/install/hello_ros
[1.591s] DEBUG:colcon.colcon_core.event_handler.log_command:Invoking command in '/home/yin/ros2_asst1_ws/src/ros2_asst1/build/hello_ros': CMAKE_PREFIX_PATH=${CMAKE_PREFIX_PATH}:/opt/ros/humble /usr/bin/cmake --build /home/yin/ros2_asst1_ws/src/ros2_asst1/build/hello_ros -- -j20 -l20
[5.359s] DEBUG:colcon.colcon_core.event_handler.log_command:Invoked command in '/home/yin/ros2_asst1_ws/src/ros2_asst1/build/hello_ros' returned '2': CMAKE_PREFIX_PATH=${CMAKE_PREFIX_PATH}:/opt/ros/humble /usr/bin/cmake --build /home/yin/ros2_asst1_ws/src/ros2_asst1/build/hello_ros -- -j20 -l20
[5.408s] Level 1:colcon.colcon_core.environment:create_environment_scripts_only(hello_ros)
[5.415s] Level 1:colcon.colcon_core.environment:checking '/home/yin/ros2_asst1_ws/src/ros2_asst1/install/hello_ros' for CMake module files
[5.415s] Level 1:colcon.colcon_core.environment:checking '/home/yin/ros2_asst1_ws/src/ros2_asst1/install/hello_ros' for CMake config files
[5.416s] Level 1:colcon.colcon_core.environment:checking '/home/yin/ros2_asst1_ws/src/ros2_asst1/install/hello_ros/bin'
[5.416s] Level 1:colcon.colcon_core.environment:checking '/home/yin/ros2_asst1_ws/src/ros2_asst1/install/hello_ros/lib/pkgconfig/hello_ros.pc'
[5.417s] Level 1:colcon.colcon_core.environment:checking '/home/yin/ros2_asst1_ws/src/ros2_asst1/install/hello_ros/lib/python3.10/site-packages'
[5.417s] Level 1:colcon.colcon_core.environment:checking '/home/yin/ros2_asst1_ws/src/ros2_asst1/install/hello_ros/bin'
[5.417s] INFO:colcon.colcon_core.shell:Creating package script '/home/yin/ros2_asst1_ws/src/ros2_asst1/install/hello_ros/share/hello_ros/package.ps1'
[5.419s] INFO:colcon.colcon_core.shell:Creating package descriptor '/home/yin/ros2_asst1_ws/src/ros2_asst1/install/hello_ros/share/hello_ros/package.dsv'
[5.420s] INFO:colcon.colcon_core.shell:Creating package script '/home/yin/ros2_asst1_ws/src/ros2_asst1/install/hello_ros/share/hello_ros/package.sh'
[5.421s] INFO:colcon.colcon_core.shell:Creating package script '/home/yin/ros2_asst1_ws/src/ros2_asst1/install/hello_ros/share/hello_ros/package.bash'
[5.423s] INFO:colcon.colcon_core.shell:Creating package script '/home/yin/ros2_asst1_ws/src/ros2_asst1/install/hello_ros/share/hello_ros/package.zsh'
[5.424s] Level 1:colcon.colcon_core.environment:create_file_with_runtime_dependencies(/home/yin/ros2_asst1_ws/src/ros2_asst1/install/hello_ros/share/colcon-core/packages/hello_ros)
[5.435s] DEBUG:colcon.colcon_parallel_executor.executor.parallel:closing loop
[5.435s] DEBUG:colcon.colcon_parallel_executor.executor.parallel:loop closed
[5.435s] DEBUG:colcon.colcon_parallel_executor.executor.parallel:run_until_complete finished with '2'
[5.435s] DEBUG:colcon.colcon_core.event_reactor:joining thread
[5.442s] INFO:colcon.colcon_core.plugin_system:Skipping extension 'colcon_notification.desktop_notification.terminal_notifier': Not used on non-Darwin systems
[5.442s] INFO:colcon.colcon_core.plugin_system:Skipping extension 'colcon_notification.desktop_notification.win32': Not used on non-Windows systems
[5.442s] INFO:colcon.colcon_notification.desktop_notification:Sending desktop notification using 'notify2'
[5.467s] DEBUG:colcon.colcon_core.event_reactor:joined thread
[5.467s] INFO:colcon.colcon_core.shell:Creating prefix script '/home/yin/ros2_asst1_ws/src/ros2_asst1/install/local_setup.ps1'
[5.469s] INFO:colcon.colcon_core.shell:Creating prefix util module '/home/yin/ros2_asst1_ws/src/ros2_asst1/install/_local_setup_util_ps1.py'
[5.470s] INFO:colcon.colcon_core.shell:Creating prefix chain script '/home/yin/ros2_asst1_ws/src/ros2_asst1/install/setup.ps1'
[5.470s] INFO:colcon.colcon_core.shell:Creating prefix script '/home/yin/ros2_asst1_ws/src/ros2_asst1/install/local_setup.sh'
[5.471s] INFO:colcon.colcon_core.shell:Creating prefix util module '/home/yin/ros2_asst1_ws/src/ros2_asst1/install/_local_setup_util_sh.py'
[5.471s] INFO:colcon.colcon_core.shell:Creating prefix chain script '/home/yin/ros2_asst1_ws/src/ros2_asst1/install/setup.sh'
[5.472s] INFO:colcon.colcon_core.shell:Creating prefix script '/home/yin/ros2_asst1_ws/src/ros2_asst1/install/local_setup.bash'
[5.473s] INFO:colcon.colcon_core.shell:Creating prefix chain script '/home/yin/ros2_asst1_ws/src/ros2_asst1/install/setup.bash'
[5.473s] INFO:colcon.colcon_core.shell:Creating prefix script '/home/yin/ros2_asst1_ws/src/ros2_asst1/install/local_setup.zsh'
[5.474s] INFO:colcon.colcon_core.shell:Creating prefix chain script '/home/yin/ros2_asst1_ws/src/ros2_asst1/install/setup.zsh'
