[35m[1mConsolidate compiler generated dependencies of target tf[0m
[ 25%] Built target MYNODE
[ 37%] [32mBuilding CXX object CMakeFiles/tf.dir/src/tf2_node.cpp.o[0m
[ 62%] Built target spawn
[ 87%] Built target follow
[100%] [32m[1mLinking CXX executable tf[0m
[100%] Built target tf
-- Install configuration: ""
-- Installing: /home/yin/ros2_asst1_ws/src/ros2_asst1/install/hello_ros/lib/hello_ros/MYNODE
-- Set runtime path of "/home/yin/ros2_asst1_ws/src/ros2_asst1/install/hello_ros/lib/hello_ros/MYNODE" to ""
-- Installing: /home/yin/ros2_asst1_ws/src/ros2_asst1/install/hello_ros/lib/hello_ros/spawn
-- Set runtime path of "/home/yin/ros2_asst1_ws/src/ros2_asst1/install/hello_ros/lib/hello_ros/spawn" to ""
-- Installing: /home/yin/ros2_asst1_ws/src/ros2_asst1/install/hello_ros/lib/hello_ros/tf
-- Set runtime path of "/home/yin/ros2_asst1_ws/src/ros2_asst1/install/hello_ros/lib/hello_ros/tf" to ""
-- Installing: /home/yin/ros2_asst1_ws/src/ros2_asst1/install/hello_ros/lib/hello_ros/follow
-- Set runtime path of "/home/yin/ros2_asst1_ws/src/ros2_asst1/install/hello_ros/lib/hello_ros/follow" to ""
-- Installing: /home/yin/ros2_asst1_ws/src/ros2_asst1/install/hello_ros/share/ament_index/resource_index/package_run_dependencies/hello_ros
-- Installing: /home/yin/ros2_asst1_ws/src/ros2_asst1/install/hello_ros/share/ament_index/resource_index/parent_prefix_path/hello_ros
-- Installing: /home/yin/ros2_asst1_ws/src/ros2_asst1/install/hello_ros/share/hello_ros/environment/ament_prefix_path.sh
-- Installing: /home/yin/ros2_asst1_ws/src/ros2_asst1/install/hello_ros/share/hello_ros/environment/ament_prefix_path.dsv
-- Installing: /home/yin/ros2_asst1_ws/src/ros2_asst1/install/hello_ros/share/hello_ros/environment/path.sh
-- Installing: /home/yin/ros2_asst1_ws/src/ros2_asst1/install/hello_ros/share/hello_ros/environment/path.dsv
-- Installing: /home/yin/ros2_asst1_ws/src/ros2_asst1/install/hello_ros/share/hello_ros/local_setup.bash
-- Installing: /home/yin/ros2_asst1_ws/src/ros2_asst1/install/hello_ros/share/hello_ros/local_setup.sh
-- Installing: /home/yin/ros2_asst1_ws/src/ros2_asst1/install/hello_ros/share/hello_ros/local_setup.zsh
-- Installing: /home/yin/ros2_asst1_ws/src/ros2_asst1/install/hello_ros/share/hello_ros/local_setup.dsv
-- Installing: /home/yin/ros2_asst1_ws/src/ros2_asst1/install/hello_ros/share/hello_ros/package.dsv
-- Installing: /home/yin/ros2_asst1_ws/src/ros2_asst1/install/hello_ros/share/ament_index/resource_index/packages/hello_ros
-- Installing: /home/yin/ros2_asst1_ws/src/ros2_asst1/install/hello_ros/share/hello_ros/cmake/hello_rosConfig.cmake
-- Installing: /home/yin/ros2_asst1_ws/src/ros2_asst1/install/hello_ros/share/hello_ros/cmake/hello_rosConfig-version.cmake
-- Installing: /home/yin/ros2_asst1_ws/src/ros2_asst1/install/hello_ros/share/hello_ros/package.xml
