[0.008s] Invoking command in '/home/yin/ros2_asst1_ws/src/ros2_asst1/build/hello_ros': CMAKE_PREFIX_PATH=${CMAKE_PREFIX_PATH}:/opt/ros/humble /usr/bin/cmake --build /home/yin/ros2_asst1_ws/src/ros2_asst1/build/hello_ros -- -j20 -l20
[0.048s] [35m[1mConsolidate compiler generated dependencies of target tf[0m
[0.065s] [ 25%] Built target MYNODE
[0.065s] [ 37%] [32mBuilding CXX object CMakeFiles/tf.dir/src/tf2_node.cpp.o[0m
[0.066s] [ 62%] Built target spawn
[0.067s] [ 87%] Built target follow
[5.931s] [100%] [32m[1mLinking CXX executable tf[0m
[6.259s] [100%] Built target tf
[6.274s] Invoked command in '/home/yin/ros2_asst1_ws/src/ros2_asst1/build/hello_ros' returned '0': CMAKE_PREFIX_PATH=${CMAKE_PREFIX_PATH}:/opt/ros/humble /usr/bin/cmake --build /home/yin/ros2_asst1_ws/src/ros2_asst1/build/hello_ros -- -j20 -l20
[6.330s] Invoking command in '/home/yin/ros2_asst1_ws/src/ros2_asst1/build/hello_ros': CMAKE_PREFIX_PATH=${CMAKE_PREFIX_PATH}:/opt/ros/humble /usr/bin/cmake --install /home/yin/ros2_asst1_ws/src/ros2_asst1/build/hello_ros
[6.336s] -- Install configuration: ""
[6.336s] -- Installing: /home/yin/ros2_asst1_ws/src/ros2_asst1/install/hello_ros/lib/hello_ros/MYNODE
[6.336s] -- Set runtime path of "/home/yin/ros2_asst1_ws/src/ros2_asst1/install/hello_ros/lib/hello_ros/MYNODE" to ""
[6.336s] -- Installing: /home/yin/ros2_asst1_ws/src/ros2_asst1/install/hello_ros/lib/hello_ros/spawn
[6.337s] -- Set runtime path of "/home/yin/ros2_asst1_ws/src/ros2_asst1/install/hello_ros/lib/hello_ros/spawn" to ""
[6.337s] -- Installing: /home/yin/ros2_asst1_ws/src/ros2_asst1/install/hello_ros/lib/hello_ros/tf
[6.338s] -- Set runtime path of "/home/yin/ros2_asst1_ws/src/ros2_asst1/install/hello_ros/lib/hello_ros/tf" to ""
[6.338s] -- Installing: /home/yin/ros2_asst1_ws/src/ros2_asst1/install/hello_ros/lib/hello_ros/follow
[6.339s] -- Set runtime path of "/home/yin/ros2_asst1_ws/src/ros2_asst1/install/hello_ros/lib/hello_ros/follow" to ""
[6.339s] -- Installing: /home/yin/ros2_asst1_ws/src/ros2_asst1/install/hello_ros/share/ament_index/resource_index/package_run_dependencies/hello_ros
[6.339s] -- Installing: /home/yin/ros2_asst1_ws/src/ros2_asst1/install/hello_ros/share/ament_index/resource_index/parent_prefix_path/hello_ros
[6.339s] -- Installing: /home/yin/ros2_asst1_ws/src/ros2_asst1/install/hello_ros/share/hello_ros/environment/ament_prefix_path.sh
[6.339s] -- Installing: /home/yin/ros2_asst1_ws/src/ros2_asst1/install/hello_ros/share/hello_ros/environment/ament_prefix_path.dsv
[6.339s] -- Installing: /home/yin/ros2_asst1_ws/src/ros2_asst1/install/hello_ros/share/hello_ros/environment/path.sh
[6.339s] -- Installing: /home/yin/ros2_asst1_ws/src/ros2_asst1/install/hello_ros/share/hello_ros/environment/path.dsv
[6.339s] -- Installing: /home/yin/ros2_asst1_ws/src/ros2_asst1/install/hello_ros/share/hello_ros/local_setup.bash
[6.339s] -- Installing: /home/yin/ros2_asst1_ws/src/ros2_asst1/install/hello_ros/share/hello_ros/local_setup.sh
[6.339s] -- Installing: /home/yin/ros2_asst1_ws/src/ros2_asst1/install/hello_ros/share/hello_ros/local_setup.zsh
[6.340s] -- Installing: /home/yin/ros2_asst1_ws/src/ros2_asst1/install/hello_ros/share/hello_ros/local_setup.dsv
[6.340s] -- Installing: /home/yin/ros2_asst1_ws/src/ros2_asst1/install/hello_ros/share/hello_ros/package.dsv
[6.340s] -- Installing: /home/yin/ros2_asst1_ws/src/ros2_asst1/install/hello_ros/share/ament_index/resource_index/packages/hello_ros
[6.340s] -- Installing: /home/yin/ros2_asst1_ws/src/ros2_asst1/install/hello_ros/share/hello_ros/cmake/hello_rosConfig.cmake
[6.340s] -- Installing: /home/yin/ros2_asst1_ws/src/ros2_asst1/install/hello_ros/share/hello_ros/cmake/hello_rosConfig-version.cmake
[6.340s] -- Installing: /home/yin/ros2_asst1_ws/src/ros2_asst1/install/hello_ros/share/hello_ros/package.xml
[6.342s] Invoked command in '/home/yin/ros2_asst1_ws/src/ros2_asst1/build/hello_ros' returned '0': CMAKE_PREFIX_PATH=${CMAKE_PREFIX_PATH}:/opt/ros/humble /usr/bin/cmake --install /home/yin/ros2_asst1_ws/src/ros2_asst1/build/hello_ros
